2021-12-13 17:40:02,602 [main] INFO OpenCart_Project - ==========LAUNCHING BROWSER=============
2021-12-13 17:40:05,125 [main] INFO OpenCart_Project - ==========LAUNCHING APPLICATION=============
2021-12-13 17:40:06,437 [main] INFO OpenCart_Project - ---------------PROVIDING LOGIN DETAILS------------
2021-12-13 17:40:09,787 [main] INFO OpenCart_Project - ---------------LOGIN SUCCESS------------
2021-12-13 17:40:09,807 [main] INFO OpenCart_Project - =================Test Case Success====================
2021-12-13 17:48:43,846 [main] INFO OpenCart_Project - ==========LAUNCHING BROWSER=============
2021-12-13 17:48:47,755 [main] INFO OpenCart_Project - ==========LAUNCHING APPLICATION=============
2021-12-13 17:48:49,062 [main] INFO OpenCart_Project - ---------------PROVIDING LOGIN DETAILS------------
2021-12-13 17:48:52,747 [main] INFO OpenCart_Project - ---------------LOGIN SUCCESS------------
2021-12-13 17:48:52,765 [main] INFO OpenCart_Project - =================Test Case Success====================
2021-12-13 17:58:08,209 [main] INFO OpenCart_Project - ==========LAUNCHING BROWSER=============
2021-12-13 17:58:11,588 [main] INFO OpenCart_Project - ==========LAUNCHING APPLICATION=============
2021-12-13 17:58:12,979 [main] INFO OpenCart_Project - ---------------PROVIDING LOGIN DETAILS------------
2021-12-13 17:58:17,605 [main] INFO OpenCart_Project - ---------------LOGIN SUCCESS------------
2021-12-13 17:58:17,620 [main] INFO OpenCart_Project - =================Test Case Success====================
2021-12-13 18:01:25,630 [main] INFO OpenCart_Project - ==========LAUNCHING BROWSER=============
2021-12-13 18:01:29,428 [main] INFO OpenCart_Project - ==========LAUNCHING APPLICATION=============
2021-12-13 18:01:30,719 [main] INFO OpenCart_Project - ---------------PROVIDING LOGIN DETAILS------------
2021-12-13 18:01:35,519 [main] INFO OpenCart_Project - ---------------LOGIN SUCCESS------------
2021-12-13 18:01:35,538 [main] INFO OpenCart_Project - =================Test Case Success====================
2021-12-13 18:02:56,993 [main] INFO OpenCart_Project - ==========LAUNCHING BROWSER=============
2021-12-13 18:03:00,811 [main] INFO OpenCart_Project - ==========LAUNCHING APPLICATION=============
2021-12-13 18:03:02,119 [main] INFO OpenCart_Project - ---------------PROVIDING LOGIN DETAILS------------
2021-12-13 18:03:07,855 [main] INFO OpenCart_Project - ---------------LOGIN SUCCESS------------
2021-12-13 18:03:08,257 [main] INFO OpenCart_Project - =================Test Case Success====================
2021-12-13 18:09:33,940 [main] INFO OpenCart_Project - ==========LAUNCHING BROWSER=============
2021-12-13 18:09:36,506 [main] INFO OpenCart_Project - ==========LAUNCHING APPLICATION=============
2021-12-13 18:09:37,946 [main] INFO OpenCart_Project - ---------------PROVIDING LOGIN DETAILS------------
2021-12-13 18:09:42,640 [main] INFO OpenCart_Project - ---------------LOGIN SUCCESS------------
2021-12-13 18:09:43,050 [main] INFO OpenCart_Project - =================Test Case Success====================
2021-12-13 18:12:32,376 [main] INFO OpenCart_Project - ==========LAUNCHING BROWSER=============
2021-12-13 18:12:35,467 [main] INFO OpenCart_Project - ==========LAUNCHING APPLICATION=============
2021-12-13 18:12:36,783 [main] INFO OpenCart_Project - ---------------PROVIDING LOGIN DETAILS------------
2021-12-13 18:12:41,731 [main] INFO OpenCart_Project - ---------------LOGIN SUCCESS------------
2021-12-13 18:12:42,133 [main] INFO OpenCart_Project - =================Test Case Success====================
2021-12-13 18:16:55,907 [main] INFO OpenCart_Project - ==========LAUNCHING BROWSER=============
2021-12-13 18:16:59,294 [main] INFO OpenCart_Project - ==========LAUNCHING APPLICATION=============
2021-12-13 18:17:00,731 [main] INFO OpenCart_Project - ---------------PROVIDING LOGIN DETAILS------------
2021-12-13 18:17:05,722 [main] INFO OpenCart_Project - ---------------LOGIN SUCCESS------------
2021-12-13 18:17:06,136 [main] INFO OpenCart_Project - =================Test Case Success====================
2021-12-13 18:33:24,772 [main] INFO OpenCart_Project - ==========LAUNCHING BROWSER=============
2021-12-13 18:33:28,203 [main] INFO OpenCart_Project - ==========LAUNCHING APPLICATION=============
2021-12-13 18:33:29,607 [main] INFO OpenCart_Project - ---------------PROVIDING LOGIN DETAILS------------
2021-12-13 18:33:34,307 [main] INFO OpenCart_Project - ---------------LOGIN SUCCESS------------
2021-12-13 18:33:34,722 [main] INFO OpenCart_Project - =================Test Case Success====================
2021-12-13 18:47:57,457 [main] INFO OpenCart_Project - ==========LAUNCHING BROWSER=============
2021-12-13 18:48:00,556 [main] INFO OpenCart_Project - ==========LAUNCHING APPLICATION=============
2021-12-13 18:48:01,968 [main] INFO OpenCart_Project - ---------------PROVIDING LOGIN DETAILS------------
2021-12-13 18:48:06,866 [main] INFO OpenCart_Project - ---------------LOGIN SUCCESS------------
2021-12-13 18:48:06,881 [main] INFO OpenCart_Project - =================Test Case Success====================
2021-12-13 20:16:10,519 [main] INFO OpenCart_Project - ==========LAUNCHING BROWSER=============
2021-12-13 20:16:14,184 [main] INFO OpenCart_Project - ==========LAUNCHING APPLICATION=============
2021-12-13 20:16:15,509 [main] INFO OpenCart_Project - ---------------PROVIDING LOGIN DETAILS------------
2021-12-13 20:16:20,256 [main] INFO OpenCart_Project - ---------------LOGIN SUCCESS------------
2021-12-13 20:16:20,272 [main] INFO OpenCart_Project - =================Test Case Success====================
2021-12-14 08:51:08,965 [main] INFO OpenCart_Project - ==========LAUNCHING BROWSER=============
2021-12-14 08:51:12,403 [main] INFO OpenCart_Project - ==========LAUNCHING APPLICATION=============
2021-12-14 08:51:13,815 [main] INFO OpenCart_Project - ---------------PROVIDING LOGIN DETAILS------------
2021-12-14 08:51:18,874 [main] INFO OpenCart_Project - ---------------LOGIN SUCCESS------------
2021-12-14 08:51:18,891 [main] INFO OpenCart_Project - =================Test Case Success====================
2021-12-14 10:41:08,922 [main] INFO OpenCart_Project - ==========LAUNCHING BROWSER=============
2021-12-14 10:41:39,219 [main] INFO OpenCart_Project - ==========LAUNCHING BROWSER=============
2021-12-14 10:41:39,945 [main] INFO OpenCart_Project - ==========LAUNCHING APPLICATION=============
2021-12-14 10:41:40,010 [main] INFO OpenCart_Project - =================Test Case Failed====================
2021-12-14 10:42:53,960 [main] INFO OpenCart_Project - ==========LAUNCHING BROWSER=============
2021-12-14 10:42:57,179 [main] INFO OpenCart_Project - ==========LAUNCHING APPLICATION=============
2021-12-14 10:42:58,456 [main] INFO OpenCart_Project - ---------------PROVIDING LOGIN DETAILS------------
2021-12-14 10:43:04,003 [main] INFO OpenCart_Project - ---------------LOGIN SUCCESS------------
2021-12-14 10:43:04,017 [main] INFO OpenCart_Project - =================Test Case Success====================
2021-12-14 10:49:28,607 [main] INFO OpenCart_Project - ==========LAUNCHING BROWSER=============
2021-12-14 10:49:31,484 [main] INFO OpenCart_Project - ==========LAUNCHING APPLICATION=============
2021-12-14 10:49:33,362 [main] INFO OpenCart_Project - ---------------PROVIDING LOGIN DETAILS------------
2021-12-14 10:49:38,962 [main] INFO OpenCart_Project - ---------------LOGIN SUCCESS------------
2021-12-14 10:49:38,975 [main] INFO OpenCart_Project - =================Test Case Success====================
2021-12-14 10:59:01,750 [main] INFO OpenCart_Project - ==========LAUNCHING BROWSER=============
2021-12-14 10:59:05,677 [main] INFO OpenCart_Project - ==========LAUNCHING APPLICATION=============
2021-12-14 10:59:07,362 [main] INFO OpenCart_Project - ---------------PROVIDING LOGIN DETAILS------------
2021-12-14 10:59:13,668 [main] INFO OpenCart_Project - ---------------LOGIN SUCCESS------------
2021-12-14 10:59:13,686 [main] INFO OpenCart_Project - =================Test Case Success====================
2021-12-14 17:30:04,964 [main] INFO OpenCart_Project - ==========LAUNCHING BROWSER=============
2021-12-14 17:30:08,007 [main] INFO OpenCart_Project - ==========LAUNCHING APPLICATION=============
2021-12-14 17:30:09,758 [main] INFO OpenCart_Project - ---------------PROVIDING LOGIN DETAILS------------
2021-12-14 17:30:15,172 [main] INFO OpenCart_Project - ---------------LOGIN SUCCESS------------
2021-12-14 17:30:15,188 [main] INFO OpenCart_Project - =================Test Case Success====================
2021-12-14 17:45:27,626 [main] INFO OpenCart_Project - ==========LAUNCHING BROWSER=============
2021-12-14 17:45:30,297 [main] INFO OpenCart_Project - ==========LAUNCHING APPLICATION=============
2021-12-14 17:45:31,604 [main] INFO OpenCart_Project - ---------------PROVIDING LOGIN DETAILS------------
2021-12-14 17:45:37,091 [main] INFO OpenCart_Project - ---------------LOGIN SUCCESS------------
2021-12-14 17:45:37,106 [main] INFO OpenCart_Project - =================Test Case Success====================
2021-12-15 00:12:17,136 [main] INFO OpenCart_Project - ==========LAUNCHING BROWSER=============
2021-12-15 00:12:21,154 [main] INFO OpenCart_Project - ==========LAUNCHING APPLICATION=============
2021-12-15 00:12:22,532 [main] INFO OpenCart_Project - ---------------PROVIDING LOGIN DETAILS------------
2021-12-15 00:12:28,156 [main] INFO OpenCart_Project - ---------------LOGIN SUCCESS------------
2021-12-15 00:12:28,164 [main] INFO OpenCart_Project - =================Test Case Success====================
2021-12-15 00:12:33,863 [main] INFO OpenCart_Project - ==========LAUNCHING BROWSER=============
2021-12-15 00:12:36,495 [main] INFO OpenCart_Project - ==========LAUNCHING APPLICATION=============
2021-12-15 00:12:37,800 [main] INFO OpenCart_Project - ==================PROVIDING LOGIN DETAILS=================
2021-12-15 00:12:42,597 [main] INFO OpenCart_Project - ===================LOGIN SUCCESS====================
2021-12-15 00:12:50,608 [main] INFO OpenCart_Project - ===================LOGOUT SUCCESS====================
2021-12-15 00:12:50,610 [main] INFO OpenCart_Project - =================Test Case Success====================
2021-12-15 00:12:54,666 [main] INFO OpenCart_Project - ==========LAUNCHING BROWSER=============
2021-12-15 00:12:57,320 [main] INFO OpenCart_Project - ==========LAUNCHING APPLICATION=============
2021-12-15 00:12:58,671 [main] INFO OpenCart_Project - ---------------PROVIDING LOGIN DETAILS------------
2021-12-15 00:13:00,383 [main] INFO OpenCart_Project - ---------------LOGIN UNSUCCESS------------
2021-12-15 00:13:00,384 [main] INFO OpenCart_Project - =================Test Case Success====================
2021-12-15 08:47:58,740 [main] INFO OpenCart_Project - ==========LAUNCHING BROWSER=============
2021-12-15 08:48:01,803 [main] INFO OpenCart_Project - ==========LAUNCHING APPLICATION=============
2021-12-15 08:48:03,077 [main] INFO OpenCart_Project - ---------------PROVIDING LOGIN DETAILS------------
2021-12-15 08:48:08,148 [main] INFO OpenCart_Project - ---------------LOGIN SUCCESS------------
2021-12-15 08:48:08,154 [main] INFO OpenCart_Project - =================Test Case Success====================
2021-12-15 08:48:13,034 [main] INFO OpenCart_Project - ==========LAUNCHING BROWSER=============
2021-12-15 08:48:15,815 [main] INFO OpenCart_Project - ==========LAUNCHING APPLICATION=============
2021-12-15 08:48:17,077 [main] INFO OpenCart_Project - ==================PROVIDING LOGIN DETAILS=================
2021-12-15 08:48:21,639 [main] INFO OpenCart_Project - ===================LOGIN SUCCESS====================
2021-12-15 08:48:29,175 [main] INFO OpenCart_Project - ===================LOGOUT SUCCESS====================
2021-12-15 08:48:29,176 [main] INFO OpenCart_Project - =================Test Case Success====================
2021-12-15 08:48:33,591 [main] INFO OpenCart_Project - ==========LAUNCHING BROWSER=============
2021-12-15 08:48:38,378 [main] INFO OpenCart_Project - ==========LAUNCHING APPLICATION=============
2021-12-15 08:48:39,824 [main] INFO OpenCart_Project - ---------------PROVIDING LOGIN DETAILS------------
2021-12-15 08:48:41,386 [main] INFO OpenCart_Project - ---------------LOGIN UNSUCCESS------------
2021-12-15 08:48:41,389 [main] INFO OpenCart_Project - =================Test Case Success====================
2021-12-15 08:56:35,133 [main] INFO OpenCart_Project - ==========LAUNCHING BROWSER=============
2021-12-15 08:56:39,237 [main] INFO OpenCart_Project - ==========LAUNCHING APPLICATION=============
2021-12-15 08:56:40,564 [main] INFO OpenCart_Project - ---------------PROVIDING LOGIN DETAILS------------
2021-12-15 08:56:46,033 [main] INFO OpenCart_Project - ---------------LOGIN SUCCESS------------
2021-12-15 08:56:46,039 [main] INFO OpenCart_Project - =================Test Case Success====================
2021-12-15 08:56:50,704 [main] INFO OpenCart_Project - ==========LAUNCHING BROWSER=============
2021-12-15 08:56:53,557 [main] INFO OpenCart_Project - ==========LAUNCHING APPLICATION=============
2021-12-15 08:56:54,789 [main] INFO OpenCart_Project - ==================PROVIDING LOGIN DETAILS=================
2021-12-15 08:57:01,720 [main] INFO OpenCart_Project - ===================LOGIN SUCCESS====================
2021-12-15 08:57:10,233 [main] INFO OpenCart_Project - ===================LOGOUT SUCCESS====================
2021-12-15 08:57:10,234 [main] INFO OpenCart_Project - =================Test Case Success====================
2021-12-15 08:57:14,588 [main] INFO OpenCart_Project - ==========LAUNCHING BROWSER=============
2021-12-15 08:57:17,508 [main] INFO OpenCart_Project - ==========LAUNCHING APPLICATION=============
2021-12-15 08:57:18,724 [main] INFO OpenCart_Project - ---------------PROVIDING INVALID LOGIN DETAILS------------
2021-12-15 08:57:20,263 [main] INFO OpenCart_Project - ---------------LOGIN UNSUCCESS------------
2021-12-15 08:57:20,263 [main] INFO OpenCart_Project - =================Test Case Success====================
2021-12-15 10:00:36,364 [main] INFO OpenCart_Project - ==========LAUNCHING BROWSER=============
2021-12-15 10:27:44,365 [main] INFO OpenCart_Project - ==========LAUNCHING BROWSER=============
2021-12-15 10:27:47,758 [main] INFO OpenCart_Project - ==========LAUNCHING APPLICATION=============
2021-12-15 10:27:49,123 [main] INFO OpenCart_Project - ---------------PROVIDING LOGIN DETAILS------------
2021-12-15 10:27:54,726 [main] INFO OpenCart_Project - ---------------LOGIN SUCCESS------------
2021-12-15 10:27:54,739 [main] INFO OpenCart_Project - =================Test Case Success====================
